#
# A fatal error has been detected by the Java Runtime Environment:
#
#  EXCEPTION_ACCESS_VIOLATION (0xc0000005) at pc=0x000000005764cd44, pid=6556, tid=7400
#
# JRE version: Java(TM) SE Runtime Environment (7.0_75-b13) (build 1.7.0_75-b13)
# Java VM: Java HotSpot(TM) 64-Bit Server VM (24.75-b04 mixed mode windows-amd64 compressed oops)
# Problematic frame:
# V  [jvm.dll+0x49cd44]
#
# Failed to write core dump. Minidumps are not enabled by default on client versions of Windows
#
# If you would like to submit a bug report, please visit:
#   http://bugreport.sun.com/bugreport/crash.jsp
#

---------------  T H R E A D  ---------------

Current thread (0x00000000085af000):  JavaThread "C2 CompilerThread0" daemon [_thread_in_native, id=7400, stack(0x0000000009e60000,0x0000000009f60000)]

siginfo: ExceptionCode=0xc0000005, reading address 0xffffffffffffffff

Registers:
RAX=0x0000000009f5c1e0, RBX=0x0000000000000096, RCX=0x000000000aa7302a, RDX=0x0000000009f5d780
RSP=0x0000000009f5c1a0, RBP=0x0000000009f5c210, RSI=0x000000000aa7302a, RDI=0x000000000aa72fa8
R8 =0x0000000000040000, R9 =0x0000000009f5c1e0, R10=0x0000000000000000, R11=0x3058000000005779
R12=0x000000000a333768, R13=0x000000000aa72fa8, R14=0x000000000aa72ff0, R15=0x0000000009f5d780
RIP=0x000000005764cd44, EFLAGS=0x0000000000010246

Top of Stack: (sp=0x0000000009f5c1a0)
0x0000000009f5c1a0:   0000000000000000 0000000009f5d780
0x0000000009f5c1b0:   0000000000000090 000000000aa363c0
0x0000000009f5c1c0:   000000000224c5a0 0000000000001000
0x0000000009f5c1d0:   000000000b1f2250 0000000000000176
0x0000000009f5c1e0:   0000000057797198 000000000224c5a0
0x0000000009f5c1f0:   0000000000080000 000000000c1a0050
0x0000000009f5c200:   0000000000000097 000000005764c12a
0x0000000009f5c210:   0000000000000000 000000000ac02630
0x0000000009f5c220:   000000000abfda80 0000000009f5ede0
0x0000000009f5c230:   0000000009f5c370 000000005764da29
0x0000000009f5c240:   000000000aa72ff0 000000000ac05a68
0x0000000009f5c250:   0000000000028310 0000000009f5d780
0x0000000009f5c260:   000000000224c5a0 00000000575bd361
0x0000000009f5c270:   000000000224c501 0000000009f5ed00
0x0000000009f5c280:   0000000009f5c300 0000000009f5ed00
0x0000000009f5c290:   0000000000000000 0000000057403e1b 

Instructions: (pc=0x000000005764cd44)
0x000000005764cd24:   83 7d c8 00 74 03 ff 45 f0 48 8b 45 d0 8b 56 28
0x000000005764cd34:   48 8d 4d d0 ff 50 20 4c 8b 1e 49 8b d7 48 8b ce
0x000000005764cd44:   41 ff 53 40 8b 5e 28 49 8b 4f 48 4c 8b e0 48 3b
0x000000005764cd54:   04 d9 0f 84 2f 02 00 00 41 3b 5f 40 72 0b 49 8d 


Register to memory mapping:

RAX=0x0000000009f5c1e0 is pointing into the stack for thread: 0x00000000085af000
RBX=0x0000000000000096 is an unknown value
RCX=0x000000000aa7302a is an unknown value
RDX=0x0000000009f5d780 is pointing into the stack for thread: 0x00000000085af000
RSP=0x0000000009f5c1a0 is pointing into the stack for thread: 0x00000000085af000
RBP=0x0000000009f5c210 is pointing into the stack for thread: 0x00000000085af000
RSI=0x000000000aa7302a is an unknown value
RDI=0x000000000aa72fa8 is an unknown value
R8 =0x0000000000040000 is an unknown value
R9 =0x0000000009f5c1e0 is pointing into the stack for thread: 0x00000000085af000
R10=0x0000000000000000 is an unknown value
R11=0x3058000000005779 is an unknown value
R12=0x000000000a333768 is an unknown value
R13=0x000000000aa72fa8 is an unknown value
R14=0x000000000aa72ff0 is an unknown value
R15=0x0000000009f5d780 is pointing into the stack for thread: 0x00000000085af000


Stack: [0x0000000009e60000,0x0000000009f60000],  sp=0x0000000009f5c1a0,  free space=1008k
Native frames: (J=compiled Java code, j=interpreted, Vv=VM code, C=native code)
V  [jvm.dll+0x49cd44]


Current CompileTask:
C2:   8217  271   !         com.android.dx.cf.code.BytecodeArray::parseInstruction (2764 bytes)


---------------  P R O C E S S  ---------------

Java Threads: ( => current thread )
  0x00000000085bb800 JavaThread "Service Thread" daemon [_thread_blocked, id=5864, stack(0x000000000a050000,0x000000000a150000)]
  0x00000000085b9800 JavaThread "C2 CompilerThread1" daemon [_thread_in_native, id=7024, stack(0x0000000009d60000,0x0000000009e60000)]
=>0x00000000085af000 JavaThread "C2 CompilerThread0" daemon [_thread_in_native, id=7400, stack(0x0000000009e60000,0x0000000009f60000)]
  0x00000000085ac000 JavaThread "Attach Listener" daemon [_thread_blocked, id=3944, stack(0x0000000009c50000,0x0000000009d50000)]
  0x00000000085a7800 JavaThread "Signal Dispatcher" daemon [_thread_blocked, id=7512, stack(0x00000000099c0000,0x0000000009ac0000)]
  0x0000000008555000 JavaThread "Finalizer" daemon [_thread_blocked, id=6812, stack(0x0000000009830000,0x0000000009930000)]
  0x000000000854e000 JavaThread "Reference Handler" daemon [_thread_blocked, id=4028, stack(0x00000000096d0000,0x00000000097d0000)]
  0x000000000025e000 JavaThread "main" [_thread_in_Java, id=7592, stack(0x0000000002310000,0x0000000002410000)]

Other Threads:
  0x000000000854a800 VMThread [stack: 0x00000000094d0000,0x00000000095d0000] [id=8184]
  0x00000000085cd000 WatcherThread [stack: 0x000000000a200000,0x000000000a300000] [id=6756]

VM state:not at safepoint (normal execution)

VM Mutex/Monitor currently owned by a thread: None

Heap
 PSYoungGen      total 35328K, used 20060K [0x00000000eaa80000, 0x00000000ecf80000, 0x0000000100000000)
  eden space 32768K, 53% used [0x00000000eaa80000,0x00000000ebb9f0f0,0x00000000eca80000)
  from space 2560K, 98% used [0x00000000ecd00000,0x00000000ecf78028,0x00000000ecf80000)
  to   space 2560K, 0% used [0x00000000eca80000,0x00000000eca80000,0x00000000ecd00000)
 ParOldGen       total 42496K, used 4034K [0x00000000c0000000, 0x00000000c2980000, 0x00000000eaa80000)
  object space 42496K, 9% used [0x00000000c0000000,0x00000000c03f0938,0x00000000c2980000)
 PSPermGen       total 21504K, used 5564K [0x00000000bae00000, 0x00000000bc300000, 0x00000000c0000000)
  object space 21504K, 25% used [0x00000000bae00000,0x00000000bb36f2b0,0x00000000bc300000)

Card table byte_map: [0x0000000005410000,0x0000000005640000] byte_map_base: 0x0000000004e39000

Polling page: 0x0000000000240000

Code Cache  [0x0000000002410000, 0x0000000002680000, 0x0000000005410000)
 total_blobs=523 nmethods=289 adapters=186 free_code_cache=47966Kb largest_free_block=49094656

Compilation events (10 events):
Event: 8.034 Thread 0x00000000085b9800 nmethod 276 0x0000000002520250 code [0x0000000002520380, 0x00000000025203d8]
Event: 8.034 Thread 0x00000000085b9800  277             com.android.dx.cf.code.ByteOps::opInfo (6 bytes)
Event: 8.034 Thread 0x00000000085b9800 nmethod 277 0x000000000250a310 code [0x000000000250a440, 0x000000000250a498]
Event: 8.034 Thread 0x00000000085b9800  278             com.android.dx.ssa.SCCP::addBlockToWorklist (47 bytes)
Event: 8.051 Thread 0x00000000085b9800 nmethod 278 0x000000000252ef90 code [0x000000000252f120, 0x000000000252f968]
Event: 8.051 Thread 0x00000000085b9800  279             java.util.ArrayList::clear (39 bytes)
Event: 8.054 Thread 0x00000000085b9800 nmethod 279 0x00000000024dda50 code [0x00000000024ddb80, 0x00000000024ddc58]
Event: 8.054 Thread 0x00000000085b9800  280             com.android.dx.rop.code.BasicBlock::getLastInsn (8 bytes)
Event: 8.055 Thread 0x00000000085b9800 nmethod 280 0x0000000002531790 code [0x00000000025318e0, 0x00000000025319b8]
Event: 8.055 Thread 0x00000000085b9800  281             com.android.dx.ssa.DomFront::calcDomFronts (154 bytes)

GC Heap History (4 events):
Event: 4.311 GC heap before
{Heap before GC invocations=1 (full 0):
 PSYoungGen      total 18944K, used 16384K [0x00000000eaa80000, 0x00000000ebf80000, 0x0000000100000000)
  eden space 16384K, 100% used [0x00000000eaa80000,0x00000000eba80000,0x00000000eba80000)
  from space 2560K, 0% used [0x00000000ebd00000,0x00000000ebd00000,0x00000000ebf80000)
  to   space 2560K, 0% used [0x00000000eba80000,0x00000000eba80000,0x00000000ebd00000)
 ParOldGen       total 42496K, used 0K [0x00000000c0000000, 0x00000000c2980000, 0x00000000eaa80000)
  object space 42496K, 0% used [0x00000000c0000000,0x00000000c0000000,0x00000000c2980000)
 PSPermGen       total 21504K, used 5374K [0x00000000bae00000, 0x00000000bc300000, 0x00000000c0000000)
  object space 21504K, 24% used [0x00000000bae00000,0x00000000bb33f888,0x00000000bc300000)
Event: 5.042 GC heap after
Heap after GC invocations=1 (full 0):
 PSYoungGen      total 18944K, used 2551K [0x00000000eaa80000, 0x00000000ecf80000, 0x0000000100000000)
  eden space 16384K, 0% used [0x00000000eaa80000,0x00000000eaa80000,0x00000000eba80000)
  from space 2560K, 99% used [0x00000000eba80000,0x00000000ebcfdc78,0x00000000ebd00000)
  to   space 2560K, 0% used [0x00000000ecd00000,0x00000000ecd00000,0x00000000ecf80000)
 ParOldGen       total 42496K, used 1558K [0x00000000c0000000, 0x00000000c2980000, 0x00000000eaa80000)
  object space 42496K, 3% used [0x00000000c0000000,0x00000000c01859e0,0x00000000c2980000)
 PSPermGen       total 21504K, used 5374K [0x00000000bae00000, 0x00000000bc300000, 0x00000000c0000000)
  object space 21504K, 24% used [0x00000000bae00000,0x00000000bb33f888,0x00000000bc300000)
}
Event: 6.333 GC heap before
{Heap before GC invocations=2 (full 0):
 PSYoungGen      total 18944K, used 18935K [0x00000000eaa80000, 0x00000000ecf80000, 0x0000000100000000)
  eden space 16384K, 100% used [0x00000000eaa80000,0x00000000eba80000,0x00000000eba80000)
  from space 2560K, 99% used [0x00000000eba80000,0x00000000ebcfdc78,0x00000000ebd00000)
  to   space 2560K, 0% used [0x00000000ecd00000,0x00000000ecd00000,0x00000000ecf80000)
 ParOldGen       total 42496K, used 1558K [0x00000000c0000000, 0x00000000c2980000, 0x00000000eaa80000)
  object space 42496K, 3% used [0x00000000c0000000,0x00000000c01859e0,0x00000000c2980000)
 PSPermGen       total 21504K, used 5525K [0x00000000bae00000, 0x00000000bc300000, 0x00000000c0000000)
  object space 21504K, 25% used [0x00000000bae00000,0x00000000bb365738,0x00000000bc300000)
Event: 7.462 GC heap after
Heap after GC invocations=2 (full 0):
 PSYoungGen      total 35328K, used 2528K [0x00000000eaa80000, 0x00000000ecf80000, 0x0000000100000000)
  eden space 32768K, 0% used [0x00000000eaa80000,0x00000000eaa80000,0x00000000eca80000)
  from space 2560K, 98% used [0x00000000ecd00000,0x00000000ecf78028,0x00000000ecf80000)
  to   space 2560K, 0% used [0x00000000eca80000,0x00000000eca80000,0x00000000ecd00000)
 ParOldGen       total 42496K, used 4034K [0x00000000c0000000, 0x00000000c2980000, 0x00000000eaa80000)
  object space 42496K, 9% used [0x00000000c0000000,0x00000000c03f0938,0x00000000c2980000)
 PSPermGen       total 21504K, used 5525K [0x00000000bae00000, 0x00000000bc300000, 0x00000000c0000000)
  object space 21504K, 25% used [0x00000000bae00000,0x00000000bb365738,0x00000000bc300000)
}

Deoptimization events (10 events):
Event: 3.102 Thread 0x000000000025e000 Uncommon trap: reason=bimorphic action=maybe_recompile pc=0x0000000002484ccc method=com.android.dx.ssa.NormalSsaInsn.accept(Lcom/android/dx/ssa/SsaInsn$Visitor;)V @ 9
Event: 3.102 Thread 0x000000000025e000 Uncommon trap: reason=bimorphic action=maybe_recompile pc=0x0000000002484ccc method=com.android.dx.ssa.NormalSsaInsn.accept(Lcom/android/dx/ssa/SsaInsn$Visitor;)V @ 9
Event: 3.105 Thread 0x000000000025e000 Uncommon trap: reason=bimorphic action=maybe_recompile pc=0x0000000002484ccc method=com.android.dx.ssa.NormalSsaInsn.accept(Lcom/android/dx/ssa/SsaInsn$Visitor;)V @ 9
Event: 3.106 Thread 0x000000000025e000 Uncommon trap: reason=bimorphic action=maybe_recompile pc=0x0000000002484ccc method=com.android.dx.ssa.NormalSsaInsn.accept(Lcom/android/dx/ssa/SsaInsn$Visitor;)V @ 9
Event: 5.754 Thread 0x000000000025e000 Uncommon trap: reason=null_check action=make_not_entrant pc=0x00000000024c1b08 method=com.android.dx.rop.code.RegisterSpec.equals(Ljava/lang/Object;)Z @ 1
Event: 5.939 Thread 0x000000000025e000 Uncommon trap: reason=null_check action=make_not_entrant pc=0x00000000024c62b0 method=com.android.dx.ssa.SsaRenamer.getLocalForNewReg(I)Lcom/android/dx/rop/code/LocalItem; @ 19
Event: 6.163 Thread 0x000000000025e000 Uncommon trap: reason=unreached action=reinterpret pc=0x00000000024cf7c0 method=com.android.dx.ssa.SCCP.simulateBranch(Lcom/android/dx/ssa/SsaInsn;)V @ 132
Event: 7.590 Thread 0x000000000025e000 Uncommon trap: reason=unreached action=reinterpret pc=0x000000000248f444 method=com.android.dx.rop.cst.Constant.compareTo(Lcom/android/dx/rop/cst/Constant;)I @ 12
Event: 7.649 Thread 0x000000000025e000 Uncommon trap: reason=bimorphic action=maybe_recompile pc=0x00000000024ef0c8 method=java.util.HashMap.put(Ljava/lang/Object;Ljava/lang/Object;)Ljava/lang/Object; @ 83
Event: 7.996 Thread 0x000000000025e000 Uncommon trap: reason=null_check action=make_not_entrant pc=0x0000000002526458 method=com.android.dx.cf.code.Ropper$CatchInfo.getSetup(Lcom/android/dx/rop/type/Type;)Lcom/android/dx/cf/code/Ropper$ExceptionHandlerSetup; @ 10

Internal exceptions (10 events):
Event: 2.029 Thread 0x000000000025e000 Threw 0x00000000eb4da690 at C:\re\jdk7u75\1940\hotspot\src\share\vm\prims\jvm.cpp:1281
Event: 2.991 Thread 0x000000000025e000 Threw 0x00000000eb67d400 at C:\re\jdk7u75\1940\hotspot\src\share\vm\prims\jvm.cpp:1281
Event: 3.053 Thread 0x000000000025e000 Implicit null exception at 0x0000000002490d23 to 0x000000000249104d
Event: 3.635 Thread 0x000000000025e000 Threw 0x00000000eb7ce340 at C:\re\jdk7u75\1940\hotspot\src\share\vm\prims\jvm.cpp:1281
Event: 5.754 Thread 0x000000000025e000 Implicit null exception at 0x00000000024c0b12 to 0x00000000024c1ad9
Event: 5.892 Thread 0x000000000025e000 Threw 0x00000000eaed90a8 at C:\re\jdk7u75\1940\hotspot\src\share\vm\prims\jvm.cpp:1281
Event: 5.939 Thread 0x000000000025e000 Implicit null exception at 0x00000000024c503a to 0x00000000024c6285
Event: 6.078 Thread 0x000000000025e000 Threw 0x00000000eb35d978 at C:\re\jdk7u75\1940\hotspot\src\share\vm\prims\jvm.cpp:1281
Event: 6.164 Thread 0x000000000025e000 Threw 0x00000000eb5c0ad0 at C:\re\jdk7u75\1940\hotspot\src\share\vm\prims\jvm.cpp:1281
Event: 7.996 Thread 0x000000000025e000 Implicit null exception at 0x0000000002523f6c to 0x000000000252644d

Events (10 events):
Event: 7.462 Executing VM operation: ParallelGCFailedAllocation done
Event: 7.590 Thread 0x000000000025e000 Uncommon trap: trap_request=0xffffffad fr.pc=0x000000000248f444
Event: 7.590 Thread 0x000000000025e000 DEOPT PACKING pc=0x000000000248f444 sp=0x000000000240e4f0
Event: 7.590 Thread 0x000000000025e000 DEOPT UNPACKING pc=0x00000000024475a4 sp=0x000000000240e490 mode 2
Event: 7.649 Thread 0x000000000025e000 Uncommon trap: trap_request=0xffffffc6 fr.pc=0x00000000024ef0c8
Event: 7.649 Thread 0x000000000025e000 DEOPT PACKING pc=0x00000000024ef0c8 sp=0x000000000240e7f0
Event: 7.649 Thread 0x000000000025e000 DEOPT UNPACKING pc=0x00000000024475a4 sp=0x000000000240e798 mode 2
Event: 7.996 Thread 0x000000000025e000 Uncommon trap: trap_request=0xfffffff4 fr.pc=0x0000000002526458
Event: 7.996 Thread 0x000000000025e000 DEOPT PACKING pc=0x0000000002526458 sp=0x000000000240e9c0
Event: 7.996 Thread 0x000000000025e000 DEOPT UNPACKING pc=0x00000000024475a4 sp=0x000000000240e8f8 mode 2


Dynamic libraries:
0x000000013f610000 - 0x000000013f643000 	C:\Program Files\Java\jdk1.7.0_75\bin\java.exe
0x0000000076db0000 - 0x0000000076f58000 	C:\Windows\SYSTEM32\ntdll.dll
0x0000000076b90000 - 0x0000000076caf000 	C:\Windows\system32\kernel32.dll
0x000007fefcc90000 - 0x000007fefccfc000 	C:\Windows\system32\KERNELBASE.dll
0x000007fefd8c0000 - 0x000007fefd99b000 	C:\Windows\system32\ADVAPI32.dll
0x000007fefd000000 - 0x000007fefd09f000 	C:\Windows\system32\msvcrt.dll
0x000007fefcf60000 - 0x000007fefcf7f000 	C:\Windows\SYSTEM32\sechost.dll
0x000007fefd1b0000 - 0x000007fefd2dd000 	C:\Windows\system32\RPCRT4.dll
0x0000000076cb0000 - 0x0000000076daa000 	C:\Windows\system32\USER32.dll
0x000007fefed30000 - 0x000007fefed97000 	C:\Windows\system32\GDI32.dll
0x000007fefcf30000 - 0x000007fefcf3e000 	C:\Windows\system32\LPK.dll
0x000007fefdb20000 - 0x000007fefdbe9000 	C:\Windows\system32\USP10.dll
0x000007fefb570000 - 0x000007fefb764000 	C:\Windows\WinSxS\amd64_microsoft.windows.common-controls_6595b64144ccf1df_6.0.7601.18807_none_fa381d5f175bfb52\COMCTL32.dll
0x000007fefdca0000 - 0x000007fefdd11000 	C:\Windows\system32\SHLWAPI.dll
0x000007fefeab0000 - 0x000007fefeade000 	C:\Windows\system32\IMM32.DLL
0x000007fefd0a0000 - 0x000007fefd1a9000 	C:\Windows\system32\MSCTF.dll
0x000000005d1a0000 - 0x000000005d272000 	C:\Program Files\Java\jdk1.7.0_75\jre\bin\msvcr100.dll
0x00000000571b0000 - 0x0000000057984000 	C:\Program Files\Java\jdk1.7.0_75\jre\bin\server\jvm.dll
0x000007fef8000000 - 0x000007fef8009000 	C:\Windows\system32\WSOCK32.dll
0x000007fefeda0000 - 0x000007fefeded000 	C:\Windows\system32\WS2_32.dll
0x000007fefdbf0000 - 0x000007fefdbf8000 	C:\Windows\system32\NSI.dll
0x000007fefa9b0000 - 0x000007fefa9eb000 	C:\Windows\system32\WINMM.dll
0x0000000076f70000 - 0x0000000076f77000 	C:\Windows\system32\PSAPI.DLL
0x0000000071fd0000 - 0x0000000071fdf000 	C:\Program Files\Java\jdk1.7.0_75\jre\bin\verify.dll
0x0000000067ee0000 - 0x0000000067f08000 	C:\Program Files\Java\jdk1.7.0_75\jre\bin\java.dll
0x0000000070980000 - 0x0000000070995000 	C:\Program Files\Java\jdk1.7.0_75\jre\bin\zip.dll
0x0000000070960000 - 0x0000000070979000 	C:\Program Files\Java\jdk1.7.0_75\jre\bin\net.dll
0x000007fefc310000 - 0x000007fefc365000 	C:\Windows\system32\mswsock.dll
0x000007fefc300000 - 0x000007fefc307000 	C:\Windows\System32\wship6.dll
0x0000000067ec0000 - 0x0000000067ed1000 	C:\Program Files\Java\jdk1.7.0_75\jre\bin\nio.dll
0x000007fef1060000 - 0x000007fef1185000 	C:\Windows\system32\dbghelp.dll

VM Arguments:
jvm_args: -Xmx1024M -Dfile.encoding=windows-1252 -Duser.country=CO -Duser.language=es -Duser.variant 
java_command: com.android.dx.command.Main --dex --output D:\Xingke\and\AntioquiaTuristicaV2.1\app\build\intermediates\pre-dexed\debug\classes-c489d17a0153c9d99e4cc703a0a2413371c64f8d.jar D:\Xingke\and\AntioquiaTuristicaV2.1\app\build\intermediates\exploded-aar\com.android.support\support-v4\22.1.1\classes.jar
Launcher Type: SUN_STANDARD

Environment Variables:
PATH=C:\Xilinx\10.1\ISE\bin\nt64;C:\Xilinx\10.1\ISE\lib\nt64;C:\Xilinx\10.1\ISE\smartmodel\nt\installed_nt\lib\pcnt.lib;C:\Program Files (x86)\Intel\iCLS Client\;C:\Program Files\Intel\iCLS Client\;C:\Windows\system32;C:\Windows;C:\Windows\System32\Wbem;C:\Windows\System32\WindowsPowerShell\v1.0\;C:\Program Files\Intel\WiFi\bin\;C:\Program Files\Common Files\Intel\WirelessCommon\;C:\Program Files (x86)\Intel\OpenCL SDK\2.0\bin\x86;C:\Program Files (x86)\Intel\OpenCL SDK\2.0\bin\x64;C:\Program Files\Intel\Intel(R) Management Engine Components\DAL;C:\Program Files\Intel\Intel(R) Management Engine Components\IPT;C:\Program Files (x86)\Intel\Intel(R) Management Engine Components\DAL;C:\Program Files (x86)\Intel\Intel(R) Management Engine Components\IPT;C:\Program Files\Condusiv Technologies\ExpressCache\;C:\Program Files\Calibre2\;C:\Program Files\Java\jdk1.7.0_75\bin\;C:\Program Files (x86)\Skype\Phone\;C:\Program Files\Intel\WiFi\bin\;C:\Program Files\Common Files\Intel\WirelessCommon\
USERNAME=Xingke
OS=Windows_NT
PROCESSOR_IDENTIFIER=Intel64 Family 6 Model 58 Stepping 9, GenuineIntel



---------------  S Y S T E M  ---------------

OS: Windows 7 , 64 bit Build 7601 Service Pack 1

CPU:total 4 (2 cores per cpu, 2 threads per core) family 6 model 58 stepping 9, cmov, cx8, fxsr, mmx, sse, sse2, sse3, ssse3, sse4.1, sse4.2, popcnt, avx, aes, erms, ht, tsc, tscinvbit, tscinv

Memory: 4k page, physical 4073288k(227716k free), swap 8144724k(2088776k free)

vm_info: Java HotSpot(TM) 64-Bit Server VM (24.75-b04) for windows-amd64 JRE (1.7.0_75-b13), built on Dec 18 2014 17:15:01 by "java_re" with unknown MS VC++:1600

time: Sun May 24 23:38:14 2015
elapsed time: 8 seconds

